生成启动时间为 2018/12/25 16:38:21。
     1>项目“E:\workspace\VSWork\bsdiff\bsdiff\bsdiff.vcxproj”在节点 2 上(Build 个目标)。
     1>ClCompile:
         D:\developer\vs2013\VC\bin\CL.exe /c /ZI /nologo /W3 /WX- /sdl- /Od /Oy- /D _MBCS /Gm /EHsc /RTC1 /MDd /GS /fp:precise /Zc:wchar_t /Zc:forScope /Fo"Debug\\" /Fd"Debug\vc120.pdb" /Gd /TC /analyze- /errorReport:prompt -D _CRT_SECURE_NO_WARNINGS -D _CRT_NONSTDC_NO_DEPRECATE blocksort.c bzlib.c compress.c crctable.c decompress.c huffman.c randtable.c
         randtable.c
         huffman.c
         decompress.c
         crctable.c
         compress.c
         bzlib.c
         blocksort.c
         正在生成代码...
         D:\developer\vs2013\VC\bin\CL.exe /c /ZI /nologo /W3 /WX- /sdl- /Od /Oy- /D _MBCS /Gm /EHsc /RTC1 /MDd /GS /fp:precise /Zc:wchar_t /Zc:forScope /Fo"Debug\\" /Fd"Debug\vc120.pdb" /Gd /TP /analyze- /errorReport:prompt -D _CRT_SECURE_NO_WARNINGS -D _CRT_NONSTDC_NO_DEPRECATE bsdiff.cpp
         bsdiff.cpp
       Link:
         D:\developer\vs2013\VC\bin\link.exe /ERRORREPORT:PROMPT /OUT:"E:\workspace\VSWork\bsdiff\Debug\bsdiff.exe" /INCREMENTAL /NOLOGO kernel32.lib user32.lib gdi32.lib winspool.lib comdlg32.lib advapi32.lib shell32.lib ole32.lib oleaut32.lib uuid.lib odbc32.lib odbccp32.lib /MANIFEST /MANIFESTUAC:"level='asInvoker' uiAccess='false'" /manifest:embed /DEBUG /PDB:"E:\workspace\VSWork\bsdiff\Debug\bsdiff.pdb" /TLBID:1 /DYNAMICBASE /NXCOMPAT /IMPLIB:"E:\workspace\VSWork\bsdiff\Debug\bsdiff.lib" /MACHINE:X86 Debug\blocksort.obj
         Debug\bsdiff.obj
         Debug\bzlib.obj
         Debug\compress.obj
         Debug\crctable.obj
         Debug\decompress.obj
         Debug\huffman.obj
         Debug\randtable.obj
         bsdiff.vcxproj -> E:\workspace\VSWork\bsdiff\Debug\bsdiff.exe
     1>已完成生成项目“E:\workspace\VSWork\bsdiff\bsdiff\bsdiff.vcxproj”(Build 个目标)的操作。

生成成功。

已用时间 00:00:02.54
